<?xml version="1.0" encoding="UTF-8"?>
<!-- Generated by org.testng.reporters.JUnitReportReporter -->
<testsuite hostname="My-Laptop" name="Guru99_Bank_Project.TestScript04" tests="4" failures="0" timestamp="31 Jul 2020 11:55:38 GMT" time="96.521" errors="0">
  <testcase name="testCase04" time="25.698" classname="Guru99_Bank_Project.TestScript04"/>
  <testcase name="testCase04" time="23.721" classname="Guru99_Bank_Project.TestScript04"/>
  <testcase name="testCase04" time="23.093" classname="Guru99_Bank_Project.TestScript04"/>
  <testcase name="testCase04" time="24.009" classname="Guru99_Bank_Project.TestScript04"/>
</testsuite> <!-- Guru99_Bank_Project.TestScript04 -->
